Wed Aug 23 2023-->15:41:4--> [PH] error: globalErrorHandler: [
  {
    "code": "invalid_type",
    "expected": "array",
    "received": "string",
    "path": [
      "body",
      "section"
    ],
    "message": "Expected array, received string"
  }
]
Wed Aug 23 2023-->15:41:51--> [PH] error: globalErrorHandler: Class validation failed: section: Cast to ObjectId failed for value "[ 'section_id_here' ]" (type Array) at path "section" because of "BSONError"
Wed Aug 23 2023-->15:42:10--> [PH] error: globalErrorHandler: [
  {
    "code": "invalid_type",
    "expected": "array",
    "received": "undefined",
    "path": [
      "body",
      "section"
    ],
    "message": "Required"
  }
]
