Thu Aug 24 2023-->23:48:28--> [PH] error: globalErrorHandler: [
  {
    "code": "invalid_type",
    "expected": "string",
    "received": "undefined",
    "path": [
      "body",
      "student",
      "opinion"
    ],
    "message": "Required"
  }
]
Thu Aug 24 2023-->23:51:27--> [PH] error: globalErrorHandler: [
  {
    "code": "invalid_type",
    "expected": "string",
    "received": "undefined",
    "path": [
      "body",
      "student",
      "opinion"
    ],
    "message": "Required"
  }
]
