Tue Aug 22 2023-->17:4:3--> [PH] error: globalErrorHandler: [
  {
    "code": "invalid_type",
    "expected": "string",
    "received": "undefined",
    "path": [
      "body",
      "phoneNumber"
    ],
    "message": "Phone number is required"
  }
]
Tue Aug 22 2023-->17:38:32--> [PH] error: globalErrorHandler: E11000 duplicate key error collection: school_management.users index: email_1 dup key: { email: "sampodnath@gmaili.com" }
Tue Aug 22 2023-->17:39:40--> [PH] error: globalErrorHandler: E11000 duplicate key error collection: school_management.users index: email_1 dup key: { email: "sampodnath@gmaili.com" }
Tue Aug 22 2023-->17:39:49--> [PH] error: globalErrorHandler: E11000 duplicate key error collection: school_management.users index: email_1 dup key: { email: "sampodnath@gmaili.com" }
Tue Aug 22 2023-->17:40:2--> [PH] error: globalErrorHandler: E11000 duplicate key error collection: school_management.users index: email_1 dup key: { email: "sampodnath@gmaili.com" }
Tue Aug 22 2023-->17:40:9--> [PH] error: globalErrorHandler: E11000 duplicate key error collection: school_management.users index: email_1 dup key: { email: "sampodnath@gmaili.com" }
Tue Aug 22 2023-->17:40:28--> [PH] error: globalErrorHandler: E11000 duplicate key error collection: school_management.users index: email_1 dup key: { email: "sampodnath@gmail.com" }
Tue Aug 22 2023-->17:41:15--> [PH] error: globalErrorHandler: E11000 duplicate key error collection: school_management.users index: email_1 dup key: { email: "sampodnath@gmail.com" }
Tue Aug 22 2023-->17:41:22--> [PH] error: globalErrorHandler: E11000 duplicate key error collection: school_management.users index: email_1 dup key: { email: "sampodnath@gmail.com" }
Tue Aug 22 2023-->17:42:39--> [PH] error: globalErrorHandler: E11000 duplicate key error collection: school_management.users index: email_1 dup key: { email: "sampodnath@gmail.com" }
Tue Aug 22 2023-->17:42:45--> [PH] error: globalErrorHandler: E11000 duplicate key error collection: school_management.users index: email_1 dup key: { email: "sampodnath@gmail.com" }
Tue Aug 22 2023-->17:43:36--> [PH] error: globalErrorHandler: E11000 duplicate key error collection: school_management.users index: email_1 dup key: { email: "sampodnath@gmail.com" }
Tue Aug 22 2023-->17:43:46--> [PH] error: globalErrorHandler: E11000 duplicate key error collection: school_management.users index: email_1 dup key: { email: "aampodnath@gmail.com" }
Tue Aug 22 2023-->17:43:52--> [PH] error: globalErrorHandler: E11000 duplicate key error collection: school_management.users index: userId_1 dup key: { userId: "S2023413" }
Tue Aug 22 2023-->17:43:54--> [PH] error: globalErrorHandler: E11000 duplicate key error collection: school_management.users index: userId_1 dup key: { userId: "S2023413" }
Tue Aug 22 2023-->17:43:58--> [PH] error: globalErrorHandler: E11000 duplicate key error collection: school_management.users index: userId_1 dup key: { userId: "S2023413" }
Tue Aug 22 2023-->17:44:5--> [PH] error: globalErrorHandler: E11000 duplicate key error collection: school_management.users index: userId_1 dup key: { userId: "S2023414" }
Tue Aug 22 2023-->17:44:11--> [PH] error: globalErrorHandler: E11000 duplicate key error collection: school_management.users index: userId_1 dup key: { userId: "S2023414" }
Tue Aug 22 2023-->17:47:45--> [PH] error: globalErrorHandler: E11000 duplicate key error collection: school_management.users index: userId_1 dup key: { userId: "S2023414" }
Tue Aug 22 2023-->17:47:58--> [PH] error: globalErrorHandler: E11000 duplicate key error collection: school_management.users index: email_1 dup key: { email: "ahmadmusa@gmail.com" }
Tue Aug 22 2023-->17:48:6--> [PH] error: globalErrorHandler: E11000 duplicate key error collection: school_management.users index: userId_1 dup key: { userId: "S2023415" }
Tue Aug 22 2023-->17:48:18--> [PH] error: globalErrorHandler: E11000 duplicate key error collection: school_management.users index: email_1 dup key: { email: "ahmadmusa9805@gmail.com" }
Tue Aug 22 2023-->17:48:24--> [PH] error: globalErrorHandler: E11000 duplicate key error collection: school_management.users index: email_1 dup key: { email: "ahmadmusa9805@gmail.com" }
